Arguments: 
  C:\Program Files\nodejs\node.exe C:\Program Files (x86)\Yarn\bin\yarn.js --upgrade

PATH: 
  C:\WINDOWS\system32;C:\WINDOWS;C:\WINDOWS\System32\Wbem;C:\WINDOWS\System32\WindowsPowerShell\v1.0\;C:\WINDOWS\System32\OpenSSH\;C:\Program Files\nodejs\;C:\Program Files (x86)\Yarn\bin\;C:\Program Files\Git\cmd;C:\Users\Hoon\AppData\Local\Microsoft\WindowsApps;C:\Users\Hoon\AppData\Roaming\npm;C:\Users\Hoon\AppData\Local\Yarn\bin;C:\Users\Hoon\AppData\Local\Programs\Microsoft VS Code\bin;C:\Users\Hoon\AppData\Local\GitHubDesktop\bin;C:\Program Files\Bandizip\

Yarn version: 
  1.19.1

Node version: 
  12.13.0

Platform: 
  win32 x64

Trace: 
  Error: EPERM: operation not permitted, unlink 'C:\Users\Hoon\Documents\React_2020\react-youtube-clone-master\node_modules\bcrypt\lib\binding\bcrypt_lib.node'

npm manifest: 
  {
    "name": "react-chat-app",
    "version": "1.0.0",
    "description": "react blog",
    "main": "index.js",
    "engine": {
      "node": "10.16.0",
      "npm": "6.9.0"
    },
    "scripts": {
      "start": "node server/index.js",
      "backend": "nodemon server/index.js",
      "frontend": "npm run front --prefix client",
      "dev": "concurrently \"npm run backend\" \"npm run start --prefix client\""
    },
    "author": "John ahn",
    "license": "ISC",
    "dependencies": {
      "bcrypt": "^3.0.6",
      "body-parser": "^1.18.3",
      "cookie-parser": "^1.4.3",
      "express": "^4.17.1",
      "fluent-ffmpeg": "^2.1.2",
      "jsonwebtoken": "^8.5.1",
      "moment": "^2.24.0",
      "mongoose": "^5.4.20",
      "multer": "^1.4.2",
      "react-redux": "^5.0.7",
      "socket.io": "^2.2.0"
    },
    "devDependencies": {
      "concurrently": "^4.1.0",
      "nodemon": "^1.19.1"
    }
  }

yarn manifest: 
  No manifest

Lockfile: 
  No lockfile
